<?xml version="1.0" encoding="UTF-8"?>
<!-- Generated by org.testng.reporters.JUnitReportReporter -->
<testsuite hostname="DESKTOP-LLLGMOJ" failures="0" tests="1" name="testscripts.TestActitimeLogin" time="12.778" errors="0" timestamp="13 May 2023 15:31:31 GMT" skipped="0">
  <testcase classname="testscripts.TestActitimeLogin" name="testLoginWithValidData" time="12.778"/>
</testsuite> <!-- testscripts.TestActitimeLogin -->
