<?xml version="1.0" encoding="UTF-8"?>
<!-- Generated by org.testng.reporters.JUnitReportReporter -->
<testsuite hostname="DESKTOP-LLLGMOJ" failures="0" tests="1" name="testscripts.TestActitimeLogin" time="10.553" errors="0" timestamp="2023-05-27T20:13:57 IST" skipped="0">
  <testcase classname="testscripts.TestActitimeLogin" name="testLoginWithValidData" time="10.553"/>
  <system-out/>
</testsuite> <!-- testscripts.TestActitimeLogin -->
