<?xml version="1.0" encoding="UTF-8"?>
<!-- Generated by org.testng.reporters.JUnitReportReporter -->
<testsuite hostname="DESKTOP-LLLGMOJ" failures="0" tests="2" name="orangehrm_testscripts.TestOrangeHrmLogin" time="5.079" errors="0" timestamp="2023-05-27T09:02:52 IST" skipped="0">
  <testcase classname="orangehrm_testscripts.TestOrangeHrmLogin" name="testWithInvalidData" time="2.912"/>
  <system-out/>
  <testcase classname="orangehrm_testscripts.TestOrangeHrmLogin" name="testWithValidData" time="2.167"/>
  <system-out/>
</testsuite> <!-- orangehrm_testscripts.TestOrangeHrmLogin -->
