<?xml version="1.0" encoding="UTF-8"?>
<!-- Generated by org.testng.reporters.JUnitReportReporter -->
<testsuite hostname="DESKTOP-LLLGMOJ" failures="0" tests="1" name="testscripts.TestTaskCreation" time="15.615" errors="0" timestamp="13 May 2023 15:17:22 GMT" skipped="0">
  <testcase classname="testscripts.TestTaskCreation" name="testTaskCreation" time="15.615"/>
</testsuite> <!-- testscripts.TestTaskCreation -->
