<?xml version="1.0" encoding="UTF-8"?>
<!-- Generated by org.testng.reporters.JUnitReportReporter -->
<testsuite hostname="DESKTOP-LLLGMOJ" failures="0" tests="3" name="runner.TestRunner" time="36.952" errors="0" timestamp="28 May 2023 03:10:56 GMT">
  <testcase classname="runner.TestRunner" name="runScenario" time="14.071"/>
  <testcase classname="runner.TestRunner" name="runScenario" time="8.611"/>
  <testcase classname="runner.TestRunner" name="runScenario" time="14.270"/>
</testsuite> <!-- runner.TestRunner -->
